=========================
Fcitx 5.0.4 -- Get Signal No.: 11
Date: try "date -d @1613584628" if you are using GNU date ***
ProcessID: 978
/usr/bin/fcitx5(+0xbd9e)[0x55aa41a3dd9e]
/usr/lib/libc.so.6(+0x3cf80)[0x7ff8dcf7cf80]
/usr/lib/fcitx5/wayland.so(+0xd43e)[0x7ff8dc73c43e]
/usr/lib/fcitx5/wayland.so(+0x1a929)[0x7ff8dc749929]
/usr/lib/libffi.so.7(+0x6acd)[0x7ff8dd4e0acd]
/usr/lib/libffi.so.7(+0x603a)[0x7ff8dd4e003a]
/usr/lib/libwayland-client.so.0(+0x9fe4)[0x7ff8dc6f5fe4]
/usr/lib/libwayland-client.so.0(+0x6563)[0x7ff8dc6f2563]
/usr/lib/libwayland-client.so.0(wl_display_dispatch_queue_pending+0x7c)[0x7ff8dc6f3cac]
/usr/lib/fcitx5/wayland.so(+0x9070)[0x7ff8dc738070]
/usr/lib/fcitx5/wayland.so(+0x917e)[0x7ff8dc73817e]
/usr/lib/libFcitx5Utils.so.2(+0x35985)[0x7ff8dd37d985]
/usr/lib/libsystemd.so.0(+0x666fa)[0x7ff8dce786fa]
/usr/lib/libsystemd.so.0(sd_event_dispatch+0x16e)[0x7ff8dce789de]
/usr/lib/libsystemd.so.0(sd_event_run+0x99)[0x7ff8dce79c09]
/usr/lib/libsystemd.so.0(sd_event_loop+0x58)[0x7ff8dce79e28]
/usr/lib/libFcitx5Utils.so.2(_ZN5fcitx9EventLoop4execEv+0x12)[0x7ff8dd37da62]
/usr/lib/libFcitx5Core.so.7(_ZN5fcitx8Instance4execEv+0x57)[0x7ff8dd44b4c7]
/usr/bin/fcitx5(+0xaa82)[0x55aa41a3ca82]
/usr/lib/libc.so.6(__libc_start_main+0xd5)[0x7ff8dcf67b25]
/usr/bin/fcitx5(+0xb00e)[0x55aa41a3d00e]
